<?xml version="1.0" encoding="UTF-8"?>
<!-- Generated by org.testng.reporters.JUnitReportReporter -->
<testsuite skipped="0" hostname="DESKTOP-EHTEC5D" name="Testcases.Mainclass" tests="6" failures="0" timestamp="2021-02-14T19:11:14 EET" time="175.491" errors="0">
  <testcase name="signUp" time="12.933" classname="Testcases.Mainclass"/>
  <system-out/>
  <testcase name="createAccount" time="36.515" classname="Testcases.Mainclass"/>
  <system-out/>
  <testcase name="signIn" time="14.377" classname="Testcases.Mainclass"/>
  <system-out/>
  <testcase name="addtoCart" time="23.497" classname="Testcases.Mainclass"/>
  <system-out/>
  <testcase name="cartCheckout" time="64.806" classname="Testcases.Mainclass"/>
  <system-out/>
  <testcase name="checkOrderDetails" time="23.363" classname="Testcases.Mainclass"/>
  <system-out/>
</testsuite> <!-- Testcases.Mainclass -->
