<?xml version="1.0" encoding="UTF-8"?>
<!-- Generated by org.testng.reporters.JUnitReportReporter -->
<testsuite skipped="0" hostname="DESKTOP-EHTEC5D" name="Testcases.restAssured" tests="2" failures="0" timestamp="2021-02-14T19:11:14 EET" time="2.496" errors="0">
  <testcase name="getTest1" time="1.889" classname="Testcases.restAssured"/>
  <system-out/>
  <testcase name="getTest2" time="0.607" classname="Testcases.restAssured"/>
  <system-out/>
</testsuite> <!-- Testcases.restAssured -->
