<?xml version="1.0" encoding="UTF-8"?>
<!-- Generated by org.testng.reporters.JUnitReportReporter -->
<testsuite hostname="MostafaMohab" failures="0" tests="6" name="Testcases.Mainclass" time="35.395" errors="0" timestamp="2020-12-19T12:40:16 EET" skipped="0">
  <testcase classname="Testcases.Mainclass" name="signUp" time="3.705"/>
  <system-out/>
  <testcase classname="Testcases.Mainclass" name="createAccount" time="7.602"/>
  <system-out/>
  <testcase classname="Testcases.Mainclass" name="signIn" time="1.932"/>
  <system-out/>
  <testcase classname="Testcases.Mainclass" name="addtoCart" time="6.245"/>
  <system-out/>
  <testcase classname="Testcases.Mainclass" name="cartCheckout" time="11.091"/>
  <system-out/>
  <testcase classname="Testcases.Mainclass" name="checkOrderDetails" time="4.820"/>
  <system-out/>
</testsuite> <!-- Testcases.Mainclass -->
