<?xml version="1.0" encoding="UTF-8"?>
<!-- Generated by org.testng.reporters.JUnitReportReporter -->
<testsuite skipped="0" hostname="DESKTOP-EHTEC5D" name="Testcases.Mainclass" tests="6" failures="0" timestamp="2021-02-12T23:30:02 EET" time="39.335" errors="0">
  <testcase name="signUp" time="3.745" classname="Testcases.Mainclass"/>
  <system-out/>
  <testcase name="createAccount" time="12.804" classname="Testcases.Mainclass"/>
  <system-out/>
  <testcase name="signIn" time="1.962" classname="Testcases.Mainclass"/>
  <system-out/>
  <testcase name="addtoCart" time="5.020" classname="Testcases.Mainclass"/>
  <system-out/>
  <testcase name="cartCheckout" time="11.456" classname="Testcases.Mainclass"/>
  <system-out/>
  <testcase name="checkOrderDetails" time="4.348" classname="Testcases.Mainclass"/>
  <system-out/>
</testsuite> <!-- Testcases.Mainclass -->
